<?xml version="1.0" encoding="UTF-8"?>
<!-- Generated by org.testng.reporters.JUnitReportReporter -->
<testsuite hostname="Oleg-Notebook" name="selenium.tests.Logout" tests="1" failures="0" timestamp="15 Jul 2015 20:36:00 GMT" time="0.935" errors="0">
  <testcase name="testLogout" time="0.935" classname="selenium.tests.Logout"/>
</testsuite> <!-- selenium.tests.Logout -->
