<?xml version="1.0" encoding="UTF-8"?>
<!-- Generated by org.testng.reporters.JUnitReportReporter -->
<testsuite hostname="Oleg-Notebook" name="selenium.tests.SearchFilm" tests="2" failures="0" timestamp="16 Jul 2015 19:33:16 GMT" time="5.719" errors="0">
  <testcase name="testSearchFilmNegative" time="2.942" classname="selenium.tests.SearchFilm"/>
  <testcase name="testSearchFilmPositive" time="2.777" classname="selenium.tests.SearchFilm"/>
</testsuite> <!-- selenium.tests.SearchFilm -->
