<?xml version="1.0" encoding="UTF-8"?>
<!-- Generated by org.testng.reporters.JUnitReportReporter -->
<testsuite hostname="Oleg-Notebook" name="selenium.tests.DelFilm" tests="1" failures="0" timestamp="1 Jul 2015 18:55:56 GMT" time="0.632" errors="0">
  <testcase name="testDelFilm" time="0.632" classname="selenium.tests.DelFilm"/>
</testsuite> <!-- selenium.tests.DelFilm -->
