<?xml version="1.0" encoding="UTF-8"?>
<!-- Generated by org.testng.reporters.JUnitReportReporter -->
<testsuite hostname="Oleg-Notebook" name="selenium.tests.DelFilm" tests="1" failures="0" timestamp="15 Jul 2015 19:05:05 GMT" time="1.134" errors="0">
  <testcase name="testDelFilm" time="1.134" classname="selenium.tests.DelFilm"/>
</testsuite> <!-- selenium.tests.DelFilm -->
