<?xml version="1.0" encoding="UTF-8"?>
<!-- Generated by org.testng.reporters.JUnitReportReporter -->
<testsuite hostname="Oleg-Notebook" name="selenium.tests.LoginTest" tests="1" failures="0" timestamp="1 Jul 2015 18:55:56 GMT" time="4.559" errors="0">
  <testcase name="testLogin" time="4.559" classname="selenium.tests.LoginTest"/>
</testsuite> <!-- selenium.tests.LoginTest -->
