<?xml version="1.0" encoding="UTF-8"?>
<!-- Generated by org.testng.reporters.JUnitReportReporter -->
<testsuite hostname="Oleg-Notebook" name="selenium.tests.LoginTest" tests="1" failures="0" timestamp="1 Jul 2015 16:47:21 GMT" time="9.455" errors="0">
  <testcase name="testLogin" time="9.455" classname="selenium.tests.LoginTest"/>
</testsuite> <!-- selenium.tests.LoginTest -->
