<?xml version="1.0" encoding="UTF-8"?>
<!-- Generated by org.testng.reporters.JUnitReportReporter -->
<testsuite hostname="Oleg-Notebook" name="selenium.tests.AddFilmPositive" tests="1" failures="0" timestamp="16 Jul 2015 19:33:16 GMT" time="5.028" errors="0">
  <testcase name="testAddFilm" time="5.028" classname="selenium.tests.AddFilmPositive"/>
</testsuite> <!-- selenium.tests.AddFilmPositive -->
