<?xml version="1.0" encoding="UTF-8"?>
<!-- Generated by org.testng.reporters.JUnitReportReporter -->
<testsuite hostname="Oleg-Notebook" name="selenium.tests.AddFilm" tests="1" failures="0" timestamp="1 Jul 2015 18:55:56 GMT" time="4.471" errors="0">
  <testcase name="testAddFilm" time="4.471" classname="selenium.tests.AddFilm"/>
</testsuite> <!-- selenium.tests.AddFilm -->
