<?xml version="1.0" encoding="UTF-8"?>
<!-- Generated by org.testng.reporters.JUnitReportReporter -->
<testsuite hostname="Oleg-Notebook" name="selenium.tests.AddFilmPositive" tests="1" failures="0" timestamp="15 Jul 2015 20:36:00 GMT" time="4.816" errors="0">
  <testcase name="testAddFilm" time="4.816" classname="selenium.tests.AddFilmPositive"/>
</testsuite> <!-- selenium.tests.AddFilmPositive -->
