<?xml version="1.0" encoding="UTF-8"?>
<!-- Generated by org.testng.reporters.JUnitReportReporter -->
<testsuite hostname="Oleg-Notebook" name="selenium.tests.AddFilm2" tests="1" failures="0" timestamp="11 Jul 2015 20:28:07 GMT" time="7.077" errors="0">
  <testcase name="testAddFilm" time="7.077" classname="selenium.tests.AddFilm2"/>
</testsuite> <!-- selenium.tests.AddFilm2 -->
