<?xml version="1.0" encoding="UTF-8"?>
<!-- Generated by org.testng.reporters.JUnitReportReporter -->
<testsuite hostname="Oleg-Notebook" name="selenium.tests.LoginTest" tests="1" failures="0" timestamp="17 Jul 2015 22:04:15 GMT" time="4.235" errors="0">
  <testcase name="testLogin" time="4.235" classname="selenium.tests.LoginTest"/>
</testsuite> <!-- selenium.tests.LoginTest -->
