<?xml version="1.0" encoding="UTF-8"?>
<!-- Generated by org.testng.reporters.JUnitReportReporter -->
<testsuite hostname="Oleg-Notebook" name="selenium.tests.DelFilm" tests="1" failures="0" timestamp="2 Jul 2015 16:31:13 GMT" time="1.077" errors="0">
  <testcase name="testDelFilm" time="1.077" classname="selenium.tests.DelFilm"/>
</testsuite> <!-- selenium.tests.DelFilm -->
