<?xml version="1.0" encoding="UTF-8"?>
<!-- Generated by org.testng.reporters.JUnitReportReporter -->
<testsuite hostname="Oleg-Notebook" name="selenium.tests.AddFilm" tests="1" failures="0" timestamp="2 Jul 2015 16:31:13 GMT" time="11.438" errors="0">
  <testcase name="testAddFilm" time="11.438" classname="selenium.tests.AddFilm"/>
</testsuite> <!-- selenium.tests.AddFilm -->
