<?xml version="1.0" encoding="UTF-8"?>
<!-- Generated by org.testng.reporters.JUnitReportReporter -->
<testsuite hostname="Oleg-Notebook" name="selenium.tests.LoginTest" tests="1" failures="0" timestamp="16 Jul 2015 19:26:50 GMT" time="5.707" errors="0">
  <testcase name="testLogin" time="5.707" classname="selenium.tests.LoginTest"/>
</testsuite> <!-- selenium.tests.LoginTest -->
