<?xml version="1.0" encoding="UTF-8"?>
<!-- Generated by org.testng.reporters.JUnitReportReporter -->
<testsuite hostname="Oleg-Notebook" name="selenium.tests.SearchFilm" tests="1" failures="0" timestamp="16 Jul 2015 19:26:50 GMT" time="2.801" errors="0">
  <testcase name="testSearchFilmNegative" time="2.801" classname="selenium.tests.SearchFilm"/>
</testsuite> <!-- selenium.tests.SearchFilm -->
