<?xml version="1.0" encoding="UTF-8"?>
<!-- Generated by org.testng.reporters.JUnitReportReporter -->
<testsuite hostname="Oleg-Notebook" name="selenium.tests.Logout" tests="1" failures="0" timestamp="16 Jul 2015 19:26:50 GMT" time="1.038" errors="0">
  <testcase name="testLogout" time="1.038" classname="selenium.tests.Logout"/>
</testsuite> <!-- selenium.tests.Logout -->
