<?xml version="1.0" encoding="UTF-8"?>
<!-- Generated by org.testng.reporters.JUnitReportReporter -->
<testsuite hostname="Oleg-Notebook" name="selenium.tests.Logout" tests="1" failures="0" timestamp="2 Jul 2015 16:31:13 GMT" time="2.689" errors="0">
  <testcase name="testLogout" time="2.689" classname="selenium.tests.Logout"/>
</testsuite> <!-- selenium.tests.Logout -->
